Using pre-set license
Built from '2020.3/staging' branch; Version is '2020.3.6f1 (338bb68529b2) revision 3378102'; Using compiler version '192528614'; Build Type 'Release'
OS: 'Windows 10 Home; OS build 19042.985; Version 2009; 64bit' Language: 'en' Physical Memory: 7617 MB
BatchMode: 1, IsHumanControllingUs: 0, StartBugReporterOnCrash: 0, Is64bit: 1, IsPro: 0

 COMMAND LINE ARGUMENTS:
D:\Unity\2020.3.6f1\Editor\Unity.exe
-adb2
-batchMode
-noUpm
-name
AssetImportWorker0
-projectPath
C:/Users/mousj/Documents/GitHub/Project-D/Move water
-logFile
Logs/AssetImportWorker0.log
-srvPort
62670
Successfully changed project path to: C:/Users/mousj/Documents/GitHub/Project-D/Move water
C:/Users/mousj/Documents/GitHub/Project-D/Move water
Using Asset Import Pipeline V2.
Refreshing native plugins compatible for Editor in 45.73 ms, found 0 plugins.
Preloading 0 native plugins for Editor in 0.00 ms.
Initialize engine version: 2020.3.6f1 (338bb68529b2)
[Subsystems] Discovering subsystems at path D:/Unity/2020.3.6f1/Editor/Data/Resources/UnitySubsystems
[Subsystems] Discovering subsystems at path C:/Users/mousj/Documents/GitHub/Project-D/Move water/Assets
GfxDevice: creating device client; threaded=0
Direct3D:
    Version:  Direct3D 11.0 [level 11.1]
    Renderer: NVIDIA GeForce GTX 1650 (ID=0x1f91)
    Vendor:   
    VRAM:     3962 MB
    Driver:   27.21.14.5167
Initialize mono
Mono path[0] = 'D:/Unity/2020.3.6f1/Editor/Data/Managed'
Mono path[1] = 'D:/Unity/2020.3.6f1/Editor/Data/MonoBleedingEdge/lib/mono/unityjit'
Mono config path = 'D:/Unity/2020.3.6f1/Editor/Data/MonoBleedingEdge/etc'
Using monoOptions --debugger-agent=transport=dt_socket,embedding=1,server=y,suspend=n,address=127.0.0.1:56868
Begin MonoManager ReloadAssembly
Registering precompiled unity dll's ...
Register platform support module: D:/Unity/2020.3.6f1/Editor/Data/PlaybackEngines/WebGLSupport/UnityEditor.WebGL.Extensions.dll
Register platform support module: D:/Unity/2020.3.6f1/Editor/Data/PlaybackEngines/WindowsStandaloneSupport/UnityEditor.WindowsStandalone.Extensions.dll
Registered in 0.001546 seconds.
Native extension for WindowsStandalone target not found
Native extension for WebGL target not found
Refreshing native plugins compatible for Editor in 40.01 ms, found 0 plugins.
Preloading 0 native plugins for Editor in 0.00 ms.
Mono: successfully reloaded assembly
- Completed reload, in  1.287 seconds
Platform modules already initialized, skipping
Registering precompiled user dll's ...
Registered in 0.001368 seconds.
Begin MonoManager ReloadAssembly
Native extension for WindowsStandalone target not found
Native extension for WebGL target not found
Refreshing native plugins compatible for Editor in 0.35 ms, found 0 plugins.
Preloading 0 native plugins for Editor in 0.00 ms.
Mono: successfully reloaded assembly
- Completed reload, in  1.186 seconds
Platform modules already initialized, skipping
========================================================================
Worker process is ready to serve import requests
Launched and connected shader compiler UnityShaderCompiler.exe after 0.06 seconds
Refreshing native plugins compatible for Editor in 0.45 ms, found 0 plugins.
Preloading 0 native plugins for Editor in 0.00 ms.
Unloading 1511 Unused Serialized files (Serialized files now loaded: 0)
System memory in use before: 85.7 MB.
System memory in use after: 85.8 MB.

Unloading 67 unused Assets to reduce memory usage. Loaded Objects now: 1965.
Total: 4.814600 ms (FindLiveObjects: 0.394200 ms CreateObjectMapping: 0.113000 ms MarkObjects: 3.927100 ms  DeleteObjects: 0.373900 ms)

========================================================================
Received Import Request.
  path: Assets/New Terrain.asset
  artifactKey: Guid(89c34567dad9fbe42ae76956b01c35b8) Importer(815301076,1909f56bfc062723c751e8b465ee728b)
Start importing Assets/New Terrain.asset using Guid(89c34567dad9fbe42ae76956b01c35b8) Importer(815301076,1909f56bfc062723c751e8b465ee728b)  -> (artifact id: 'd2433baa181f604607de952b18d74d26') in 0.107972 seconds
  Import took 0.111216 seconds .

========================================================================
Received Import Request.
  Time since last request: 0.000432 seconds.
  path: Assets/New Material.mat
  artifactKey: Guid(df1d0b8d0999885458f14c2841a16967) Importer(815301076,1909f56bfc062723c751e8b465ee728b)
Start importing Assets/New Material.mat using Guid(df1d0b8d0999885458f14c2841a16967) Importer(815301076,1909f56bfc062723c751e8b465ee728b)  -> (artifact id: '481dd49089f01ca0a05658214cac9a3a') in 0.175432 seconds
  Import took 0.178844 seconds .

========================================================================
Received Import Request.
  Time since last request: 0.000243 seconds.
  path: Assets/New Terrain 1.asset
  artifactKey: Guid(a72aa93703ebe0449887c547a80bf005) Importer(815301076,1909f56bfc062723c751e8b465ee728b)
Start importing Assets/New Terrain 1.asset using Guid(a72aa93703ebe0449887c547a80bf005) Importer(815301076,1909f56bfc062723c751e8b465ee728b)  -> (artifact id: 'a57f695e53cb038a78ecb3b58a4d48cd') in 0.017289 seconds
  Import took 0.020955 seconds .

========================================================================
Received Import Request.
  Time since last request: 8.402767 seconds.
  path: Assets/ProBuilder Data
  artifactKey: Guid(4ef11c72ce626994ab793bd594253d35) Importer(815301076,1909f56bfc062723c751e8b465ee728b)
Start importing Assets/ProBuilder Data using Guid(4ef11c72ce626994ab793bd594253d35) Importer(815301076,1909f56bfc062723c751e8b465ee728b)  -> (artifact id: '220892d6989d34a9e010ff8ab50f9ce7') in 0.005380 seconds
  Import took 0.010325 seconds .

========================================================================
Received Import Request.
  Time since last request: 1.074112 seconds.
  path: Assets
  artifactKey: Guid(00000000000000001000000000000000) Importer(815301076,1909f56bfc062723c751e8b465ee728b)
Start importing Assets using Guid(00000000000000001000000000000000) Importer(815301076,1909f56bfc062723c751e8b465ee728b)  -> (artifact id: '2c602d4445bd9e0e517b9a7c882a2249') in 0.004014 seconds
  Import took 0.006974 seconds .

========================================================================
Received Import Request.
  Time since last request: 62.411740 seconds.
  path: Assets/Water4Advanced.prefab
  artifactKey: Guid(83ad2d5d2e1d44841a9430b3f56ce928) Importer(815301076,1909f56bfc062723c751e8b465ee728b)
Start importing Assets/Water4Advanced.prefab using Guid(83ad2d5d2e1d44841a9430b3f56ce928) Importer(815301076,1909f56bfc062723c751e8b465ee728b)  -> (artifact id: '2bbe8a14cde72a144fe70ec56cb81e5a') in 0.013900 seconds
  Import took 0.018022 seconds .

========================================================================
Received Import Request.
  Time since last request: 0.001344 seconds.
  path: Assets/Water4Advanced.prefab
  artifactKey: Guid(83ad2d5d2e1d44841a9430b3f56ce928) Importer(815301076,1909f56bfc062723c751e8b465ee728b)
Start importing Assets/Water4Advanced.prefab using Guid(83ad2d5d2e1d44841a9430b3f56ce928) Importer(815301076,1909f56bfc062723c751e8b465ee728b)  -> (artifact id: '2bbe8a14cde72a144fe70ec56cb81e5a') in 0.007091 seconds
  Import took 0.010784 seconds .

========================================================================
Received Import Request.
  Time since last request: 141.396488 seconds.
  path: Assets/SandAlbedo.psd
  artifactKey: Guid(832a0fa9a8ba7f14c8a279a82ef2d702) Importer(815301076,1909f56bfc062723c751e8b465ee728b)
Start importing Assets/SandAlbedo.psd using Guid(832a0fa9a8ba7f14c8a279a82ef2d702) Importer(815301076,1909f56bfc062723c751e8b465ee728b)  -> (artifact id: 'c89ee5063ae2be5c5481555017b54835') in 0.020861 seconds
  Import took 0.024106 seconds .

========================================================================
Received Import Request.
  Time since last request: 0.045651 seconds.
  path: Assets/SandAlbedo.psd
  artifactKey: Guid(832a0fa9a8ba7f14c8a279a82ef2d702) Importer(815301076,1909f56bfc062723c751e8b465ee728b)
Start importing Assets/SandAlbedo.psd using Guid(832a0fa9a8ba7f14c8a279a82ef2d702) Importer(815301076,1909f56bfc062723c751e8b465ee728b)  -> (artifact id: 'c89ee5063ae2be5c5481555017b54835') in 0.013754 seconds
  Import took 0.017857 seconds .

========================================================================
Received Import Request.
  Time since last request: 119.004864 seconds.
  path: Assets/ProBuilder Data/Default Color Palette.asset
  artifactKey: Guid(9544e77c7307b6f4e9a39259fb785fb9) Importer(815301076,1909f56bfc062723c751e8b465ee728b)
Start importing Assets/ProBuilder Data/Default Color Palette.asset using Guid(9544e77c7307b6f4e9a39259fb785fb9) Importer(815301076,1909f56bfc062723c751e8b465ee728b)  -> (artifact id: 'b0555b470a674a07bd8d36e7b155f18e') in 0.005951 seconds
  Import took 0.009806 seconds .

========================================================================
Received Import Request.
  Time since last request: 0.000214 seconds.
  path: Assets/ProBuilder Data/Default Material Palette.asset
  artifactKey: Guid(7c6919ea2ecd38241b191c286edd2b04) Importer(815301076,1909f56bfc062723c751e8b465ee728b)
Start importing Assets/ProBuilder Data/Default Material Palette.asset using Guid(7c6919ea2ecd38241b191c286edd2b04) Importer(815301076,1909f56bfc062723c751e8b465ee728b)  -> (artifact id: 'c348fd110823df25c43d82537fb2b4d4') in 0.005556 seconds
  Import took 0.009652 seconds .

========================================================================
Received Import Request.
  Time since last request: 3.789988 seconds.
  path: Packages/com.unity.probuilder/Content/Material/Checker.mat
  artifactKey: Guid(4717b199010ca4cb3a8a7a465ec457d2) Importer(815301076,1909f56bfc062723c751e8b465ee728b)
Start importing Packages/com.unity.probuilder/Content/Material/Checker.mat using Guid(4717b199010ca4cb3a8a7a465ec457d2) Importer(815301076,1909f56bfc062723c751e8b465ee728b)  -> (artifact id: 'b03273ae96ebda034493380b587be997') in 0.015636 seconds
  Import took 0.019107 seconds .

========================================================================
Received Import Request.
  Time since last request: 0.000214 seconds.
  path: Packages/com.unity.probuilder/Content/Resources/Materials/VertexPickerHDRP.mat
  artifactKey: Guid(7d5c9fc287a2aa945a98203d41282923) Importer(815301076,1909f56bfc062723c751e8b465ee728b)
Start importing Packages/com.unity.probuilder/Content/Resources/Materials/VertexPickerHDRP.mat using Guid(7d5c9fc287a2aa945a98203d41282923) Importer(815301076,1909f56bfc062723c751e8b465ee728b)  -> (artifact id: '5b8c87c420e61de388cfaae462ba192c') in 0.012607 seconds
  Import took 0.016244 seconds .

========================================================================
Received Import Request.
  Time since last request: 0.000243 seconds.
  path: Packages/com.unity.probuilder/Content/Resources/Materials/FacePicker.mat
  artifactKey: Guid(5695904020f064fdab5ad265b274a616) Importer(815301076,1909f56bfc062723c751e8b465ee728b)
Start importing Packages/com.unity.probuilder/Content/Resources/Materials/FacePicker.mat using Guid(5695904020f064fdab5ad265b274a616) Importer(815301076,1909f56bfc062723c751e8b465ee728b)  -> (artifact id: '2654c1983a14b2eb9f302a643dcfaec3') in 0.014426 seconds
  Import took 0.018451 seconds .

========================================================================
Received Import Request.
  Time since last request: 0.000228 seconds.
  path: Packages/com.unity.probuilder/Content/Resources/Materials/Trigger.mat
  artifactKey: Guid(a1e97cbf2538241b691aae8243b5fb10) Importer(815301076,1909f56bfc062723c751e8b465ee728b)
Start importing Packages/com.unity.probuilder/Content/Resources/Materials/Trigger.mat using Guid(a1e97cbf2538241b691aae8243b5fb10) Importer(815301076,1909f56bfc062723c751e8b465ee728b)  -> (artifact id: '41b708c29cb98568ce8c4babd79b1e01') in 0.049721 seconds
  Import took 0.052989 seconds .

========================================================================
Received Import Request.
  Time since last request: 0.000216 seconds.
  path: Packages/com.unity.probuilder/Content/Resources/Materials/VertexPicker.mat
  artifactKey: Guid(30a8575e1d4cc4e01a88ffbf4f973d80) Importer(815301076,1909f56bfc062723c751e8b465ee728b)
Start importing Packages/com.unity.probuilder/Content/Resources/Materials/VertexPicker.mat using Guid(30a8575e1d4cc4e01a88ffbf4f973d80) Importer(815301076,1909f56bfc062723c751e8b465ee728b)  -> (artifact id: '4f7a8d7c3fd3b5bcccf85da3e6457442') in 0.012314 seconds
  Import took 0.015473 seconds .

========================================================================
Received Import Request.
  Time since last request: 0.000218 seconds.
  path: Packages/com.unity.progrids/Font/Asap-Medium-ProGrids.otf
  artifactKey: Guid(8c2220bd5fd560c4297e93c4c66a2ba8) Importer(815301076,1909f56bfc062723c751e8b465ee728b)
Start importing Packages/com.unity.progrids/Font/Asap-Medium-ProGrids.otf using Guid(8c2220bd5fd560c4297e93c4c66a2ba8) Importer(815301076,1909f56bfc062723c751e8b465ee728b)  -> (artifact id: 'e602556d26f2034cb55e37179de254d7') in 0.077188 seconds
  Import took 0.080444 seconds .

========================================================================
Received Import Request.
  Time since last request: 0.000308 seconds.
  path: Packages/com.unity.probuilder/Content/Resources/Materials/ProBuilderDefault.mat
  artifactKey: Guid(c22777d6e868e4f2fb421913386b154e) Importer(815301076,1909f56bfc062723c751e8b465ee728b)
Start importing Packages/com.unity.probuilder/Content/Resources/Materials/ProBuilderDefault.mat using Guid(c22777d6e868e4f2fb421913386b154e) Importer(815301076,1909f56bfc062723c751e8b465ee728b)  -> (artifact id: 'ddf3737bd9aa2167c4cdb8470fcb4d17') in 0.014154 seconds
  Import took 0.017640 seconds .

========================================================================
Received Import Request.
  Time since last request: 0.000242 seconds.
  path: Packages/com.unity.probuilder/Content/Resources/Materials/EdgePickerHDRP.mat
  artifactKey: Guid(980c24c5a501a9a429356d191ad356a9) Importer(815301076,1909f56bfc062723c751e8b465ee728b)
Start importing Packages/com.unity.probuilder/Content/Resources/Materials/EdgePickerHDRP.mat using Guid(980c24c5a501a9a429356d191ad356a9) Importer(815301076,1909f56bfc062723c751e8b465ee728b)  -> (artifact id: '057b4e7799dd47d51cd3c0dac943e6a3') in 0.012188 seconds
  Import took 0.015926 seconds .

========================================================================
Received Import Request.
  Time since last request: 0.000328 seconds.
  path: Packages/com.unity.probuilder/Content/Resources/Materials/EdgePicker.mat
  artifactKey: Guid(4ff996e3a0a5743a3987ab6231160665) Importer(815301076,1909f56bfc062723c751e8b465ee728b)
Start importing Packages/com.unity.probuilder/Content/Resources/Materials/EdgePicker.mat using Guid(4ff996e3a0a5743a3987ab6231160665) Importer(815301076,1909f56bfc062723c751e8b465ee728b)  -> (artifact id: 'f7220f53d30755f8caaacac27c9266a1') in 0.016194 seconds
  Import took 0.019378 seconds .

========================================================================
Received Import Request.
  Time since last request: 0.000208 seconds.
  path: Packages/com.unity.probuilder/Content/Resources/Materials/Collider.mat
  artifactKey: Guid(bbb235fff4f48426b863b36058ab66d2) Importer(815301076,1909f56bfc062723c751e8b465ee728b)
Start importing Packages/com.unity.probuilder/Content/Resources/Materials/Collider.mat using Guid(bbb235fff4f48426b863b36058ab66d2) Importer(815301076,1909f56bfc062723c751e8b465ee728b)  -> (artifact id: '35e22c7e40bea0684f20b0398f781956') in 0.012569 seconds
  Import took 0.015809 seconds .

========================================================================
Received Import Request.
  Time since last request: 0.000221 seconds.
  path: Packages/com.unity.probuilder/Content/Resources/Materials/NoDraw.mat
  artifactKey: Guid(8cb4d6fee77fd4ee6895f08b240d625f) Importer(815301076,1909f56bfc062723c751e8b465ee728b)
Start importing Packages/com.unity.probuilder/Content/Resources/Materials/NoDraw.mat using Guid(8cb4d6fee77fd4ee6895f08b240d625f) Importer(815301076,1909f56bfc062723c751e8b465ee728b)  -> (artifact id: '7f2b5a19294acf14a70f985b8d851e29') in 0.043240 seconds
  Import took 0.046659 seconds .

========================================================================
Received Import Request.
  Time since last request: 0.000266 seconds.
  path: Packages/com.unity.probuilder/Content/Resources/Materials/StandardVertexColorLWRP.mat
  artifactKey: Guid(077a003b1de1e4c35923be7a21b5d948) Importer(815301076,1909f56bfc062723c751e8b465ee728b)
Start importing Packages/com.unity.probuilder/Content/Resources/Materials/StandardVertexColorLWRP.mat using Guid(077a003b1de1e4c35923be7a21b5d948) Importer(815301076,1909f56bfc062723c751e8b465ee728b)  -> (artifact id: '8918e847e3647264c4c6defd4c6416c4') in 0.011100 seconds
  Import took 0.014928 seconds .

========================================================================
Received Import Request.
  Time since last request: 0.000302 seconds.
  path: Packages/com.unity.probuilder/Content/Resources/Materials/InvisibleFace.mat
  artifactKey: Guid(978bbcf5050244f1b95128c04103f628) Importer(815301076,1909f56bfc062723c751e8b465ee728b)
Start importing Packages/com.unity.probuilder/Content/Resources/Materials/InvisibleFace.mat using Guid(978bbcf5050244f1b95128c04103f628) Importer(815301076,1909f56bfc062723c751e8b465ee728b)  -> (artifact id: '97be435fbfbd56ef0e65f9866cb0c3b2') in 0.015161 seconds
  Import took 0.019282 seconds .

========================================================================
Received Import Request.
  Time since last request: 0.000257 seconds.
  path: Packages/com.unity.progrids/Font/Asap-Regular-ProGrids.otf
  artifactKey: Guid(79008363f1983ec4088c4588c6f0a7aa) Importer(815301076,1909f56bfc062723c751e8b465ee728b)
Start importing Packages/com.unity.progrids/Font/Asap-Regular-ProGrids.otf using Guid(79008363f1983ec4088c4588c6f0a7aa) Importer(815301076,1909f56bfc062723c751e8b465ee728b)  -> (artifact id: 'ae9124e065647e63e958405147a05811') in 0.016373 seconds
  Import took 0.019311 seconds .

========================================================================
Received Import Request.
  Time since last request: 0.000220 seconds.
  path: Packages/com.unity.probuilder/Content/Resources/Materials/FacePickerHDRP.mat
  artifactKey: Guid(a53ef0dd76f2fe74eb5f43267d7c0195) Importer(815301076,1909f56bfc062723c751e8b465ee728b)
Start importing Packages/com.unity.probuilder/Content/Resources/Materials/FacePickerHDRP.mat using Guid(a53ef0dd76f2fe74eb5f43267d7c0195) Importer(815301076,1909f56bfc062723c751e8b465ee728b)  -> (artifact id: '95a277a75dfb169dad8db5b2cfa0a0ee') in 0.011495 seconds
  Import took 0.014599 seconds .

========================================================================
Received Import Request.
  Time since last request: 0.000217 seconds.
  path: Packages/com.unity.probuilder/Content/Resources/Materials/UnlitVertexColor.mat
  artifactKey: Guid(29966c3c0907b49b58c4e59342d020cf) Importer(815301076,1909f56bfc062723c751e8b465ee728b)
Start importing Packages/com.unity.probuilder/Content/Resources/Materials/UnlitVertexColor.mat using Guid(29966c3c0907b49b58c4e59342d020cf) Importer(815301076,1909f56bfc062723c751e8b465ee728b)  -> (artifact id: 'cc1fc680ef0b523313f28c26577b80fd') in 0.013092 seconds
  Import took 0.016319 seconds .

========================================================================
Received Import Request.
  Time since last request: 0.000222 seconds.
  path: Packages/com.unity.probuilder/Content/Resources/Materials/StandardVertexColorHDRP.mat
  artifactKey: Guid(c35693c079f3840f7938a4a323096e84) Importer(815301076,1909f56bfc062723c751e8b465ee728b)
Start importing Packages/com.unity.probuilder/Content/Resources/Materials/StandardVertexColorHDRP.mat using Guid(c35693c079f3840f7938a4a323096e84) Importer(815301076,1909f56bfc062723c751e8b465ee728b)  -> (artifact id: 'f771351541fd7fa5ad69e68b7450ebfc') in 0.011667 seconds
  Import took 0.014962 seconds .

========================================================================
Received Import Request.
  Time since last request: 21.957831 seconds.
  path: Assets/SandAlbedo 1.psd
  artifactKey: Guid(952d80020c0ddff4aa79e86ae35e0050) Importer(815301076,1909f56bfc062723c751e8b465ee728b)
Start importing Assets/SandAlbedo 1.psd using Guid(952d80020c0ddff4aa79e86ae35e0050) Importer(815301076,1909f56bfc062723c751e8b465ee728b)  -> (artifact id: '1764af1d9e577a207d73c629c272169a') in 0.013037 seconds
  Import took 0.017150 seconds .

AssetImportWorkerClient::OnTransportError - code=2 error=End of file
