Using pre-set license
Built from '2020.3/staging' branch; Version is '2020.3.6f1 (338bb68529b2) revision 3378102'; Using compiler version '192528614'; Build Type 'Release'
OS: 'Windows 10 Pro; OS build 19042.985; Version 2009; 64bit' Language: 'nl' Physical Memory: 16065 MB
BatchMode: 1, IsHumanControllingUs: 0, StartBugReporterOnCrash: 0, Is64bit: 1, IsPro: 0

 COMMAND LINE ARGUMENTS:
H:\Unity\2020.3.6f1\Editor\Unity.exe
-adb2
-batchMode
-noUpm
-name
AssetImportWorker0
-projectPath
H:/Unityprojects/Project/Goerree Project D ver 4 (gradient)
-logFile
Logs/AssetImportWorker0.log
-srvPort
51596
Successfully changed project path to: H:/Unityprojects/Project/Goerree Project D ver 4 (gradient)
H:/Unityprojects/Project/Goerree Project D ver 4 (gradient)
Using Asset Import Pipeline V2.
Refreshing native plugins compatible for Editor in 30.25 ms, found 0 plugins.
Preloading 0 native plugins for Editor in 0.00 ms.
Initialize engine version: 2020.3.6f1 (338bb68529b2)
[Subsystems] Discovering subsystems at path H:/Unity/2020.3.6f1/Editor/Data/Resources/UnitySubsystems
[Subsystems] Discovering subsystems at path H:/Unityprojects/Project/Goerree Project D ver 4 (gradient)/Assets
GfxDevice: creating device client; threaded=0
Direct3D:
    Version:  Direct3D 11.0 [level 11.1]
    Renderer: NVIDIA GeForce GTX 1060 6GB (ID=0x1c03)
    Vendor:   
    VRAM:     6052 MB
    Driver:   27.21.14.6611
Initialize mono
Mono path[0] = 'H:/Unity/2020.3.6f1/Editor/Data/Managed'
Mono path[1] = 'H:/Unity/2020.3.6f1/Editor/Data/MonoBleedingEdge/lib/mono/unityjit'
Mono config path = 'H:/Unity/2020.3.6f1/Editor/Data/MonoBleedingEdge/etc'
Using monoOptions --debugger-agent=transport=dt_socket,embedding=1,server=y,suspend=n,address=127.0.0.1:56692
Begin MonoManager ReloadAssembly
Registering precompiled unity dll's ...
Register platform support module: H:/Unity/2020.3.6f1/Editor/Data/PlaybackEngines/WebGLSupport/UnityEditor.WebGL.Extensions.dll
Register platform support module: H:/Unity/2020.3.6f1/Editor/Data/PlaybackEngines/WindowsStandaloneSupport/UnityEditor.WindowsStandalone.Extensions.dll
Registered in 0.002359 seconds.
Native extension for WindowsStandalone target not found
Native extension for WebGL target not found
Refreshing native plugins compatible for Editor in 29.74 ms, found 0 plugins.
Preloading 0 native plugins for Editor in 0.00 ms.
Mono: successfully reloaded assembly
- Completed reload, in  1.227 seconds
Platform modules already initialized, skipping
Registering precompiled user dll's ...
Registered in 0.000988 seconds.
Begin MonoManager ReloadAssembly
Native extension for WindowsStandalone target not found
Native extension for WebGL target not found
Refreshing native plugins compatible for Editor in 0.38 ms, found 0 plugins.
Preloading 0 native plugins for Editor in 0.00 ms.
Mono: successfully reloaded assembly
- Completed reload, in  0.973 seconds
Platform modules already initialized, skipping
========================================================================
Worker process is ready to serve import requests
Launched and connected shader compiler UnityShaderCompiler.exe after 0.06 seconds
Refreshing native plugins compatible for Editor in 0.38 ms, found 0 plugins.
Preloading 0 native plugins for Editor in 0.00 ms.
Unloading 1690 Unused Serialized files (Serialized files now loaded: 0)
System memory in use before: 103.9 MB.
System memory in use after: 103.9 MB.

Unloading 75 unused Assets to reduce memory usage. Loaded Objects now: 2155.
Total: 2.771200 ms (FindLiveObjects: 0.254500 ms CreateObjectMapping: 0.056800 ms MarkObjects: 2.127200 ms  DeleteObjects: 0.331200 ms)

========================================================================
Received Import Request.
  path: Assets/Scenes/Menu.unity
  artifactKey: Guid(97f50777157303c48bf646e1d2fa3761) Importer(815301076,1909f56bfc062723c751e8b465ee728b)
Start importing Assets/Scenes/Menu.unity using Guid(97f50777157303c48bf646e1d2fa3761) Importer(815301076,1909f56bfc062723c751e8b465ee728b)  -> (artifact id: '5c69354261291dc0a73e319d23aa8e4d') in 0.009820 seconds
  Import took 0.013426 seconds .

========================================================================
Received Import Request.
  Time since last request: 7.010539 seconds.
  path: Assets/Scenes/Game.unity
  artifactKey: Guid(9fc0d4010bbf28b4594072e72b8655ab) Importer(815301076,1909f56bfc062723c751e8b465ee728b)
Start importing Assets/Scenes/Game.unity using Guid(9fc0d4010bbf28b4594072e72b8655ab) Importer(815301076,1909f56bfc062723c751e8b465ee728b)  -> (artifact id: '0b3aa5b7015b27b95e4889d1f840a883') in 0.004711 seconds
  Import took 0.007906 seconds .

========================================================================
Received Import Request.
  Time since last request: 0.000688 seconds.
  path: Assets/Scenes/Game.unity
  artifactKey: Guid(9fc0d4010bbf28b4594072e72b8655ab) Importer(815301076,1909f56bfc062723c751e8b465ee728b)
Start importing Assets/Scenes/Game.unity using Guid(9fc0d4010bbf28b4594072e72b8655ab) Importer(815301076,1909f56bfc062723c751e8b465ee728b)  -> (artifact id: '0b3aa5b7015b27b95e4889d1f840a883') in 0.004786 seconds
  Import took 0.007810 seconds .

========================================================================
Received Prepare
Registering precompiled user dll's ...
Registered in 0.000916 seconds.
Begin MonoManager ReloadAssembly
Native extension for WindowsStandalone target not found
Native extension for WebGL target not found
Refreshing native plugins compatible for Editor in 0.36 ms, found 0 plugins.
Preloading 0 native plugins for Editor in 0.00 ms.
Warning: Annotation not found!
UnityEngine.StackTraceUtility:ExtractStackTrace ()
UnityEditor.ProBuilder.EditorUtility:SetGizmoIconEnabled (System.Type,bool) (at H:/Unityprojects/Project/Goerree Project D ver 3 (moving water)/Library/PackageCache/com.unity.probuilder@4.5.0/Editor/EditorCore/EditorUtility.cs:593)
UnityEditor.ProBuilder.HierarchyListener:.cctor () (at H:/Unityprojects/Project/Goerree Project D ver 3 (moving water)/Library/PackageCache/com.unity.probuilder@4.5.0/Editor/EditorCore/HierarchyListener.cs:21)
System.Runtime.CompilerServices.RuntimeHelpers:RunClassConstructor (System.RuntimeTypeHandle)
UnityEditor.EditorAssemblies:ProcessInitializeOnLoadAttributes (System.Type[])

[H:/Unityprojects/Project/Goerree Project D ver 3 (moving water)/Library/PackageCache/com.unity.probuilder@4.5.0/Editor/EditorCore/EditorUtility.cs line 593]

Mono: successfully reloaded assembly
- Completed reload, in  0.785 seconds
Platform modules already initialized, skipping
Refreshing native plugins compatible for Editor in 0.38 ms, found 0 plugins.
Preloading 0 native plugins for Editor in 0.00 ms.
Unloading 1640 Unused Serialized files (Serialized files now loaded: 0)
System memory in use before: 99.9 MB.
System memory in use after: 99.9 MB.

Unloading 6 unused Assets to reduce memory usage. Loaded Objects now: 2158.
Total: 2.667300 ms (FindLiveObjects: 0.211300 ms CreateObjectMapping: 0.043700 ms MarkObjects: 2.187400 ms  DeleteObjects: 0.224100 ms)

========================================================================
Received Import Request.
  Time since last request: 289.064024 seconds.
  path: Assets/Materials/Legenda.png
  artifactKey: Guid(73e51bc9ca2247549832a1e246b5324a) Importer(815301076,1909f56bfc062723c751e8b465ee728b)
Start importing Assets/Materials/Legenda.png using Guid(73e51bc9ca2247549832a1e246b5324a) Importer(815301076,1909f56bfc062723c751e8b465ee728b)  -> (artifact id: 'febe0b99a11632f4cf1f05dc68b5de43') in 0.116808 seconds
  Import took 0.119823 seconds .

========================================================================
Received Import Request.
  Time since last request: 14.912045 seconds.
  path: Assets/Materials/Legenda.png
  artifactKey: Guid(73e51bc9ca2247549832a1e246b5324a) Importer(815301076,1909f56bfc062723c751e8b465ee728b)
Start importing Assets/Materials/Legenda.png using Guid(73e51bc9ca2247549832a1e246b5324a) Importer(815301076,1909f56bfc062723c751e8b465ee728b)  -> (artifact id: '9e47aecf1e59334dc0f2c89c560e7f85') in 0.043542 seconds
  Import took 0.046741 seconds .

========================================================================
Received Prepare
Registering precompiled user dll's ...
Registered in 0.000914 seconds.
Begin MonoManager ReloadAssembly
Native extension for WindowsStandalone target not found
Native extension for WebGL target not found
Refreshing native plugins compatible for Editor in 0.37 ms, found 0 plugins.
Preloading 0 native plugins for Editor in 0.00 ms.
Warning: Annotation not found!
UnityEngine.StackTraceUtility:ExtractStackTrace ()
UnityEditor.ProBuilder.EditorUtility:SetGizmoIconEnabled (System.Type,bool) (at H:/Unityprojects/Project/Goerree Project D ver 3 (moving water)/Library/PackageCache/com.unity.probuilder@4.5.0/Editor/EditorCore/EditorUtility.cs:593)
UnityEditor.ProBuilder.HierarchyListener:.cctor () (at H:/Unityprojects/Project/Goerree Project D ver 3 (moving water)/Library/PackageCache/com.unity.probuilder@4.5.0/Editor/EditorCore/HierarchyListener.cs:21)
System.Runtime.CompilerServices.RuntimeHelpers:RunClassConstructor (System.RuntimeTypeHandle)
UnityEditor.EditorAssemblies:ProcessInitializeOnLoadAttributes (System.Type[])

[H:/Unityprojects/Project/Goerree Project D ver 3 (moving water)/Library/PackageCache/com.unity.probuilder@4.5.0/Editor/EditorCore/EditorUtility.cs line 593]

Mono: successfully reloaded assembly
- Completed reload, in  0.778 seconds
Platform modules already initialized, skipping
Refreshing native plugins compatible for Editor in 0.37 ms, found 0 plugins.
Preloading 0 native plugins for Editor in 0.00 ms.
Unloading 1640 Unused Serialized files (Serialized files now loaded: 0)
System memory in use before: 102.6 MB.
System memory in use after: 102.7 MB.

Unloading 6 unused Assets to reduce memory usage. Loaded Objects now: 2167.
Total: 2.566200 ms (FindLiveObjects: 0.223500 ms CreateObjectMapping: 0.044700 ms MarkObjects: 2.092500 ms  DeleteObjects: 0.204000 ms)

========================================================================
Received Import Request.
  Time since last request: 295.753330 seconds.
  path: Assets/New Terrain.asset
  artifactKey: Guid(f5f4cd749a7502c46b0e3d8f718fbece) Importer(815301076,1909f56bfc062723c751e8b465ee728b)
Start importing Assets/New Terrain.asset using Guid(f5f4cd749a7502c46b0e3d8f718fbece) Importer(815301076,1909f56bfc062723c751e8b465ee728b)  -> (artifact id: 'c7e85db7668c0ccc3918bb9c3e8a7ea1') in 0.074048 seconds
  Import took 0.077865 seconds .

========================================================================
Received Import Request.
  Time since last request: 124.460634 seconds.
  path: Assets/Legenda.png
  artifactKey: Guid(9c005bc12aff2db4ab4df486a89fca18) Importer(815301076,1909f56bfc062723c751e8b465ee728b)
Start importing Assets/Legenda.png using Guid(9c005bc12aff2db4ab4df486a89fca18) Importer(815301076,1909f56bfc062723c751e8b465ee728b)  -> (artifact id: '5007b5bfa52a038eb448a9ba7bb974f2') in 0.019361 seconds
  Import took 0.022392 seconds .

========================================================================
Received Import Request.
  Time since last request: 14.179360 seconds.
  path: Assets/Legenda.png
  artifactKey: Guid(9c005bc12aff2db4ab4df486a89fca18) Importer(815301076,1909f56bfc062723c751e8b465ee728b)
Start importing Assets/Legenda.png using Guid(9c005bc12aff2db4ab4df486a89fca18) Importer(815301076,1909f56bfc062723c751e8b465ee728b)  -> (artifact id: 'f72f62b89d60fb3febd25aeca4e82032') in 0.046764 seconds
  Import took 0.049958 seconds .

========================================================================
Received Prepare
Registering precompiled user dll's ...
Registered in 0.000894 seconds.
Begin MonoManager ReloadAssembly
Native extension for WindowsStandalone target not found
Native extension for WebGL target not found
Refreshing native plugins compatible for Editor in 0.38 ms, found 0 plugins.
Preloading 0 native plugins for Editor in 0.00 ms.
Warning: Annotation not found!
UnityEngine.StackTraceUtility:ExtractStackTrace ()
UnityEditor.ProBuilder.EditorUtility:SetGizmoIconEnabled (System.Type,bool) (at H:/Unityprojects/Project/Goerree Project D ver 3 (moving water)/Library/PackageCache/com.unity.probuilder@4.5.0/Editor/EditorCore/EditorUtility.cs:593)
UnityEditor.ProBuilder.HierarchyListener:.cctor () (at H:/Unityprojects/Project/Goerree Project D ver 3 (moving water)/Library/PackageCache/com.unity.probuilder@4.5.0/Editor/EditorCore/HierarchyListener.cs:21)
System.Runtime.CompilerServices.RuntimeHelpers:RunClassConstructor (System.RuntimeTypeHandle)
UnityEditor.EditorAssemblies:ProcessInitializeOnLoadAttributes (System.Type[])

[H:/Unityprojects/Project/Goerree Project D ver 3 (moving water)/Library/PackageCache/com.unity.probuilder@4.5.0/Editor/EditorCore/EditorUtility.cs line 593]

Mono: successfully reloaded assembly
- Completed reload, in  0.770 seconds
Platform modules already initialized, skipping
Refreshing native plugins compatible for Editor in 0.38 ms, found 0 plugins.
Preloading 0 native plugins for Editor in 0.00 ms.
Unloading 1640 Unused Serialized files (Serialized files now loaded: 0)
System memory in use before: 102.7 MB.
System memory in use after: 102.7 MB.

Unloading 6 unused Assets to reduce memory usage. Loaded Objects now: 2173.
Total: 2.581800 ms (FindLiveObjects: 0.227900 ms CreateObjectMapping: 0.041700 ms MarkObjects: 2.100700 ms  DeleteObjects: 0.210000 ms)

========================================================================
Received Import Request.
  Time since last request: 139.957092 seconds.
  path: Assets/GradientHeight.mat
  artifactKey: Guid(25c1c7a4c511eed458fdfcbbcf507205) Importer(815301076,1909f56bfc062723c751e8b465ee728b)
Start importing Assets/GradientHeight.mat using Guid(25c1c7a4c511eed458fdfcbbcf507205) Importer(815301076,1909f56bfc062723c751e8b465ee728b)  -> (artifact id: '330dde4b26c963740d2d7f84830cf033') in 0.057041 seconds
  Import took 0.060021 seconds .

========================================================================
Received Prepare
Registering precompiled user dll's ...
Registered in 0.000907 seconds.
Begin MonoManager ReloadAssembly
Native extension for WindowsStandalone target not found
Native extension for WebGL target not found
Refreshing native plugins compatible for Editor in 0.38 ms, found 0 plugins.
Preloading 0 native plugins for Editor in 0.00 ms.
Warning: Annotation not found!
UnityEngine.StackTraceUtility:ExtractStackTrace ()
UnityEditor.ProBuilder.EditorUtility:SetGizmoIconEnabled (System.Type,bool) (at H:/Unityprojects/Project/Goerree Project D ver 3 (moving water)/Library/PackageCache/com.unity.probuilder@4.5.0/Editor/EditorCore/EditorUtility.cs:593)
UnityEditor.ProBuilder.HierarchyListener:.cctor () (at H:/Unityprojects/Project/Goerree Project D ver 3 (moving water)/Library/PackageCache/com.unity.probuilder@4.5.0/Editor/EditorCore/HierarchyListener.cs:21)
System.Runtime.CompilerServices.RuntimeHelpers:RunClassConstructor (System.RuntimeTypeHandle)
UnityEditor.EditorAssemblies:ProcessInitializeOnLoadAttributes (System.Type[])

[H:/Unityprojects/Project/Goerree Project D ver 3 (moving water)/Library/PackageCache/com.unity.probuilder@4.5.0/Editor/EditorCore/EditorUtility.cs line 593]

Mono: successfully reloaded assembly
- Completed reload, in  0.771 seconds
Platform modules already initialized, skipping
Refreshing native plugins compatible for Editor in 0.38 ms, found 0 plugins.
Preloading 0 native plugins for Editor in 0.00 ms.
Unloading 1640 Unused Serialized files (Serialized files now loaded: 0)
System memory in use before: 102.9 MB.
System memory in use after: 103.0 MB.

Unloading 6 unused Assets to reduce memory usage. Loaded Objects now: 2213.
Total: 2.561100 ms (FindLiveObjects: 0.222800 ms CreateObjectMapping: 0.044200 ms MarkObjects: 2.084200 ms  DeleteObjects: 0.208900 ms)

========================================================================
Received Prepare
Refreshing native plugins compatible for Editor in 0.89 ms, found 0 plugins.
Preloading 0 native plugins for Editor in 0.00 ms.
Unloading 4 Unused Serialized files (Serialized files now loaded: 0)
System memory in use before: 70.6 MB.
System memory in use after: 70.6 MB.

Unloading 4 unused Assets to reduce memory usage. Loaded Objects now: 2213.
Total: 2.774300 ms (FindLiveObjects: 0.231900 ms CreateObjectMapping: 0.050000 ms MarkObjects: 2.261500 ms  DeleteObjects: 0.230000 ms)

AssetImportWorkerClient::OnTransportError - code=2 error=End of file
